<?xml version="1.0" encoding="UTF-8"?>
<testng-results ignored="0" total="1" passed="1" failed="0" skipped="0">
  <reporter-output>
  </reporter-output>
  <suite started-at="2024-04-21T00:22:08 IST" name="Default suite" finished-at="2024-04-21T00:22:15 IST" duration-ms="6314">
    <groups>
    </groups>
    <test started-at="2024-04-21T00:22:08 IST" name="Default test" finished-at="2024-04-21T00:22:15 IST" duration-ms="6314">
      <class name="Rest_Assured.Serilation">
        <test-method signature="Put_Serilation()[pri:0, instance:Rest_Assured.Serilation@4803b726]" started-at="2024-04-21T00:22:09 IST" name="Put_Serilation" finished-at="2024-04-21T00:22:15 IST" duration-ms="6197" status="PASS">
          <reporter-output>
          </reporter-output>
        </test-method> <!-- Put_Serilation -->
      </class> <!-- Rest_Assured.Serilation -->
    </test> <!-- Default test -->
  </suite> <!-- Default suite -->
</testng-results>
