<?xml version="1.0" encoding="UTF-8"?>
<testng-results ignored="0" total="3" passed="3" failed="0" skipped="0">
  <reporter-output>
  </reporter-output>
  <suite started-at="2024-04-28T19:58:36 IST" name="Default suite" finished-at="2024-04-28T19:59:00 IST" duration-ms="24134">
    <groups>
    </groups>
    <test started-at="2024-04-28T19:58:36 IST" name="Default test" finished-at="2024-04-28T19:59:00 IST" duration-ms="24134">
      <class name="Automationcodepracticearea.Differcode_pratice_area">
        <test-method is-config="true" signature="before_lanch_url()[pri:0, instance:Automationcodepracticearea.Differcode_pratice_area@4a883b15]" started-at="2024-04-28T19:58:36 IST" name="before_lanch_url" finished-at="2024-04-28T19:58:47 IST" duration-ms="11138" status="PASS">
          <reporter-output>
          </reporter-output>
        </test-method> <!-- before_lanch_url -->
        <test-method signature="Randomworkit()[pri:0, instance:Automationcodepracticearea.Differcode_pratice_area@4a883b15]" started-at="2024-04-28T19:58:47 IST" name="Randomworkit" finished-at="2024-04-28T19:58:49 IST" duration-ms="2679" status="PASS">
          <reporter-output>
          </reporter-output>
        </test-method> <!-- Randomworkit -->
        <test-method signature="Scrollandclick()[pri:1, instance:Automationcodepracticearea.Differcode_pratice_area@4a883b15]" started-at="2024-04-28T19:58:49 IST" name="Scrollandclick" finished-at="2024-04-28T19:58:59 IST" duration-ms="9808" status="PASS">
          <reporter-output>
          </reporter-output>
        </test-method> <!-- Scrollandclick -->
        <test-method signature="Auto_suggestion()[pri:2, instance:Automationcodepracticearea.Differcode_pratice_area@4a883b15]" started-at="2024-04-28T19:58:59 IST" name="Auto_suggestion" finished-at="2024-04-28T19:59:00 IST" duration-ms="399" status="PASS">
          <reporter-output>
          </reporter-output>
        </test-method> <!-- Auto_suggestion -->
      </class> <!-- Automationcodepracticearea.Differcode_pratice_area -->
    </test> <!-- Default test -->
  </suite> <!-- Default suite -->
</testng-results>
