<?xml version="1.0" encoding="UTF-8"?>
<!-- Generated by org.testng.reporters.JUnitXMLReporter -->
<testsuite ignored="0" hostname="DESKTOP-379HBJB" failures="0" tests="3" name="Default test" time="24.134" errors="0" timestamp="2024-04-28T19:59:00 IST">
  <testcase classname="Automationcodepracticearea.Differcode_pratice_area" name="Randomworkit" time="2.679"/>
  <testcase classname="Automationcodepracticearea.Differcode_pratice_area" name="Scrollandclick" time="9.808"/>
  <testcase classname="Automationcodepracticearea.Differcode_pratice_area" name="Auto_suggestion" time="0.399"/>
</testsuite> <!-- Default test -->
